<?xml version="1.0" encoding="UTF-8"?>
<!-- Generated by org.testng.reporters.JUnitReportReporter -->
<testsuite hostname="MAVBCP75" name="com.wordpress.WordPress" tests="1" failures="0" timestamp="26 May 2020 08:01:56 GMT" time="91.333" errors="0">
  <testcase name="testExecution" time="91.333" classname="com.wordpress.WordPress"/>
</testsuite> <!-- com.wordpress.WordPress -->
